1    CQADBAADOAYAAiYrWVOctTxGI0tK7xYE
2    CQADBAADOQYAAiYrWVOXGdgLEFgxCRYE
3    CQADBAADOgYAAiYrWVMhtjcsc6E4eBYE
4    CQADBAADOwYAAiYrWVMAASgAAbx2wpeuFgQ
5    CQADBAADPAYAAiYrWVPbIY5WXr8G4BYE
6    CQADBAADPQYAAiYrWVMpVs1dXFLiHxYE
7    CQADBAADPgYAAiYrWVOum8rNNS3x9hYE
8    CQADBAADPwYAAiYrWVOGolsERVC0ShYE
9    CQADBAADQAYAAiYrWVPw7g-wyoyWhxYE
10    CQADBAADQQYAAiYrWVPJNQLiA5aMNxYE
11    CQADBAADQgYAAiYrWVNTkFuO5FcWkBYE
12    CQADBAADQwYAAiYrWVPFBpK_YMDwHRYE
13    CQADBAADRAYAAiYrWVNqRv8uj-2B8hYE
14    CQADBAADRQYAAiYrWVPabwVqCGT-sxYE
15    CQADBAADRgYAAiYrWVNKD2wQ77C08xYE
16    CQADBAADRwYAAiYrWVNoh2JabSOpJxYE
17    CQADBAADSAYAAiYrWVO-DKKBwAGDrRYE
18    CQADBAADSQYAAiYrWVObkgS2sn0JkhYE
19    CQADBAADSgYAAiYrWVNTh6opBFyouRYE
20    CQADBAADSwYAAiYrWVNLcsGuHjB0dRYE
21    CQADBAADTAYAAiYrWVNrmomHed9BMRYE
22    CQADBAADTQYAAiYrWVN0j7f4qgABy1sWBA
23    CQADBAADTgYAAiYrWVOQa-n3CBfpEBYE
24    CQADBAADTwYAAiYrWVN8AmHYdnqP4RYE
25    CQADBAADUAYAAiYrWVMWd0V2DciIPhYE
26    CQADBAADUQYAAiYrWVPCrhr5KOe7-BYE
28    CQADBAADUgYAAiYrWVMQuLfcvizdOhYE
29    CQADBAADUwYAAiYrWVOapSkbxyBsBRYE
30    CQADBAADVAYAAiYrWVMN_F9B2t-ciBYE
31    CQADBAADVQYAAiYrWVMOzZeMhjz9YhYE
32    CQADBAADVgYAAiYrWVNGPb1nZ8aQIxYE
33    CQADBAADVwYAAiYrWVOSWRaV_u_snRYE
34    CQADBAADWAYAAiYrWVONmsr394Fd3BYE
35    CQADBAADWQYAAiYrWVNtQ1BHNwPxDxYE
36    CQADBAADWgYAAiYrWVOAscoVm26H6hYE
37    CQADBAADWwYAAiYrWVN0IYyMj54IjhYE
38    CQADBAADXAYAAiYrWVN4QlOJOKPvfRYE
39    CQADBAADXQYAAiYrWVOneN8xVpNPXxYE
40    CQADBAADXgYAAiYrWVOqhFWNupFXvRYE
42    CQADBAADXwYAAiYrWVOaEDS2thlpWhYE
43    CQADBAADYAYAAiYrWVN8o8andd69mRYE
44    CQADBAADYQYAAiYrWVNlJoN4AAE-vOgWBA
45    CQADBAADYgYAAiYrWVOwKsOZZzzIpBYE
46    CQADBAADYwYAAiYrWVPxStaRfIk2fBYE
47    CQADBAADZAYAAiYrWVNn-BrRj0QuOxYE
48    CQADBAADZQYAAiYrWVM-EOgdwkJQAxYE
49    CQADBAADZgYAAiYrWVOzwKvxdccUMxYE
50    CQADBAADZwYAAiYrWVM829Wp33NQxBYE
51    CQADBAADaAYAAiYrWVPPjFjO5Gn5KRYE
52    CQADBAADaQYAAiYrWVPnmUoWlPJUZxYE
53    CQADBAADagYAAiYrWVOPk39sSz6XihYE
54    CQADBAADawYAAiYrWVN_FfATujDovBYE
55    CQADBAADbAYAAiYrWVNt7A7UMWazgRYE
56    CQADBAADbQYAAiYrWVO4N4A2IBzfGRYE
57    CQADBAADbgYAAiYrWVOAluMs97vm7hYE
58    CQADBAADbwYAAiYrWVN1vhRhAwGQxRYE
59    CQADBAADcAYAAiYrWVOEhjYWaXMSOhYE
60    CQADBAADcQYAAiYrWVOMrX-bsflRuxYE
61    CQADBAADcgYAAiYrWVMOUGoKc0-5vBYE
62    CQADBAADcwYAAiYrWVPdy-CRS9gu4xYE
63    CQADBAADdAYAAiYrWVMbn1_AIpzgzRYE
64    CQADBAADdQYAAiYrWVOVpc91J7fmqBYE
65    CQADBAADdgYAAiYrWVPYKFy7TB02yhYE
66    CQADBAADdwYAAiYrWVOMWFReeIFlUhYE
67    CQADBAADeAYAAiYrWVMlVyuqtpcziBYE
68    CQADBAADeQYAAiYrWVNQiOwElyN47RYE
69    CQADBAADegYAAiYrWVPQsWGAaxrSRBYE
71    CQADBAADewYAAiYrWVPUO9kB7SizhBYE
72    CQADBAADfAYAAiYrWVPJn0ZcOTtJwxYE
73    CQADBAADfQYAAiYrWVOrE86K20V6khYE
74    CQADBAADfgYAAiYrWVM_itEhhwovCRYE
75    CQADBAADfwYAAiYrWVNYS8AczjT9AhYE
76    CQADBAADgAYAAiYrWVP8d4pAyeyVgBYE
77    CQADBAADgQYAAiYrWVMj-LNZJs24RBYE
78    CQADBAADggYAAiYrWVNtDRD1lvV0xRYE
79    CQADBAADgwYAAiYrWVPOhqHFvLjfTxYE
80    CQADBAADhAYAAiYrWVM2BqKwFd2FehYE
81    CQADBAADhQYAAiYrWVNeYX7iGxP5CRYE
82    CQADBAADhgYAAiYrWVOKUYFnO_kjQRYE
83    CQADBAADhwYAAiYrWVOCsAlGKZwbvhYE
84    CQADBAADiAYAAiYrWVOrSOROYgPg2hYE
85    CQADBAADiQYAAiYrWVMSqUHdC3mc0BYE
86    CQADBAADigYAAiYrWVNC-fxm6tijtRYE
87    CQADBAADiwYAAiYrWVPDPzkjqc7InhYE
88    CQADBAADjAYAAiYrWVPx0O_f4G83TxYE
100    CQADBAADNwYAAiYrWVPkmhTPnFAHvxYE
101    CQADBAADNgYAAiYrWVPL8e2gsibteRYE
102    CQADBAADNQYAAiYrWVM-679Blsj3xBYE
103    CQADBAADNAYAAiYrWVOEXBnqyrHUBxYE
104    CQADBAADMwYAAiYrWVOlj2Q1Yo85NxYE
105    CQADBAADMgYAAiYrWVM8lgoH5Mxt7xYE
106    CQADBAADMQYAAiYrWVPuXH7khCsrXBYE
107    CQADBAADMAYAAiYrWVPO0oUmbGJuBxYE
108    CQADBAADLwYAAiYrWVPi8HxHE4nr2hYE
109    CQADBAADLgYAAiYrWVNUy5EbOtjQBhYE
110    CQADBAADLQYAAiYrWVOrCe-rEyvK3RYE
111    CQADBAADLAYAAiYrWVPCZCTZbnXeQhYE
112    CQADBAADKwYAAiYrWVOnAZcQrRCRWhYE
113    CQADBAADKgYAAiYrWVM89jBncTZ3LxYE
114    CQADBAADKQYAAiYrWVNTaHhX3cysuRYE
